<?xml version="1.0" encoding="UTF-8"?>
<testsuite xmlns:xsi="http://www.w3.org/2001/XMLSchema-instance" xsi:noNamespaceSchemaLocation="https://maven.apache.org/surefire/maven-surefire-plugin/xsd/surefire-test-report.xsd" version="3.0.2" name="com.cognizant.springlearn.SpringLearnApplicationTests" time="6.82" tests="3" errors="0" skipped="0" failures="0">
  <properties>
[...]
</properties>
  <testcase name="testGetCountryException" classname="com.cognizant.springlearn.SpringLearnApplicationTests" time="1.982">
    <system-out><![CDATA[19:23:33.894 [main] INFO org.springframework.test.context.support.AnnotationConfigContextLoaderUtils -- Could not detect default configuration classes for test class [com.cognizant.springlearn.SpringLearnApplicationTests]: SpringLearnApplicationTests does not declare any static, non-private, non-final, nested classes annotated with @Configuration.
19:23:34.198 [main] INFO org.springframework.boot.test.context.SpringBootTestContextBootstrapper -- Found @SpringBootConfiguration com.cognizant.springlearn.SpringLearnApplication for test class com.cognizant.springlearn.SpringLearnApplicationTests
19:23:34.578 [main] INFO org.springframework.boot.devtools.restart.RestartApplicationListener -- Restart disabled due to context in which it is running

  .   ____          _            __ _ _
 /\\ / ___'_ __ _ _(_)_ __  __ _ \ \ \ \
( ( )\___ | '_ | '_| | '_ \/ _` | \ \ \ \
 \\/  ___)| |_)| | | | | || (_| |  ) ) ) )
  '  |____| .__|_| |_|_| |_\__, | / / / /
 =========|_|==============|___/=/_/_/_/

 :: Spring Boot ::                (v3.4.1)

260704|19:23:35.287|main                | INFO|ringLearnApplicationTests|              logStarting|Starting SpringLearnApplicationTests using Java 24.0.1 with PID 16960 (started by Sai Deepika in C:\Users\Sai Deepika\eclipse-workspace\spring-learn-rest)
260704|19:23:35.293|main                |DEBUG|ringLearnApplicationTests|              logStarting|Running with Spring Boot v3.4.1, Spring v6.2.1
260704|19:23:35.294|main                | INFO|ringLearnApplicationTests|    logStartupProfileInfo|No active profile set, falling back to 1 default profile: "default"
260704|19:23:36.932|main                |DEBUG|c.c.s.c.CountryController|                   <init>|Inside CountryController Constructor.
260704|19:23:37.984|main                | INFO|ingBootMockServletContext|                      log|Initializing Spring TestDispatcherServlet ''
260704|19:23:37.985|main                | INFO|w.s.TestDispatcherServlet|          initServletBean|Initializing Servlet ''
260704|19:23:37.988|main                | INFO|w.s.TestDispatcherServlet|          initServletBean|Completed initialization in 1 ms
260704|19:23:38.043|main                | INFO|ringLearnApplicationTests|               logStarted|Started SpringLearnApplicationTests in 3.493 seconds (process running for 5.9)
260704|19:23:39.736|main                | INFO|c.c.s.c.CountryController|               getCountry|START: getCountry() - Code: az
260704|19:23:39.980|main                |DEBUG|c.c.springlearn.Country  |                   <init>|Inside Country Constructor.
260704|19:23:39.982|main                |DEBUG|c.c.springlearn.Country  |                  setCode|Inside Country setCode. Value: IN
260704|19:23:39.983|main                |DEBUG|c.c.springlearn.Country  |                  setName|Inside Country setName. Value: India
260704|19:23:39.984|main                |DEBUG|c.c.springlearn.Country  |                   <init>|Inside Country Constructor.
260704|19:23:39.985|main                |DEBUG|c.c.springlearn.Country  |                  setCode|Inside Country setCode. Value: US
260704|19:23:39.985|main                |DEBUG|c.c.springlearn.Country  |                  setName|Inside Country setName. Value: United States
260704|19:23:39.986|main                |DEBUG|c.c.springlearn.Country  |                   <init>|Inside Country Constructor.
260704|19:23:39.987|main                |DEBUG|c.c.springlearn.Country  |                  setCode|Inside Country setCode. Value: DE
260704|19:23:39.988|main                |DEBUG|c.c.springlearn.Country  |                  setName|Inside Country setName. Value: Germany
260704|19:23:39.988|main                |DEBUG|c.c.springlearn.Country  |                   <init>|Inside Country Constructor.
260704|19:23:39.989|main                |DEBUG|c.c.springlearn.Country  |                  setCode|Inside Country setCode. Value: JP
260704|19:23:39.989|main                |DEBUG|c.c.springlearn.Country  |                  setName|Inside Country setName. Value: Japan
260704|19:23:39.994|main                |DEBUG|c.c.springlearn.Country  |                  getCode|Inside Country getCode.
260704|19:23:39.994|main                |DEBUG|c.c.springlearn.Country  |                  getCode|Inside Country getCode.
260704|19:23:39.995|main                |DEBUG|c.c.springlearn.Country  |                  getCode|Inside Country getCode.
260704|19:23:39.996|main                |DEBUG|c.c.springlearn.Country  |                  getCode|Inside Country getCode.
]]></system-out>
    <system-err><![CDATA[Mockito is currently self-attaching to enable the inline-mock-maker. This will no longer work in future releases of the JDK. Please add Mockito as an agent to your build what is described in Mockito's documentation: https://javadoc.io/doc/org.mockito/mockito-core/latest/org/mockito/Mockito.html#0.3
WARNING: A Java agent has been loaded dynamically (C:\Users\Sai Deepika\.m2\repository\net\bytebuddy\byte-buddy-agent\1.15.11\byte-buddy-agent-1.15.11.jar)
WARNING: If a serviceability tool is in use, please run with -XX:+EnableDynamicAgentLoading to hide this warning
WARNING: If a serviceability tool is not in use, please run with -Djdk.instrument.traceUsage for more information
WARNING: Dynamic loading of agents will be disallowed by default in a future release
]]></system-err>
  </testcase>
  <testcase name="contextLoads" classname="com.cognizant.springlearn.SpringLearnApplicationTests" time="0.019"/>
  <testcase name="testGetCountry" classname="com.cognizant.springlearn.SpringLearnApplicationTests" time="0.288">
    <system-out><![CDATA[260704|19:23:40.098|main                | INFO|c.c.s.c.CountryController|          getCountryIndia|START: getCountryIndia()
260704|19:23:40.155|main                |DEBUG|c.c.springlearn.Country  |                   <init>|Inside Country Constructor.
260704|19:23:40.158|main                |DEBUG|c.c.springlearn.Country  |                  setCode|Inside Country setCode. Value: IN
260704|19:23:40.159|main                |DEBUG|c.c.springlearn.Country  |                  setName|Inside Country setName. Value: India
260704|19:23:40.160|main                |DEBUG|c.c.springlearn.Country  |                   <init>|Inside Country Constructor.
260704|19:23:40.161|main                |DEBUG|c.c.springlearn.Country  |                  setCode|Inside Country setCode. Value: US
260704|19:23:40.162|main                |DEBUG|c.c.springlearn.Country  |                  setName|Inside Country setName. Value: United States
260704|19:23:40.163|main                |DEBUG|c.c.springlearn.Country  |                   <init>|Inside Country Constructor.
260704|19:23:40.164|main                |DEBUG|c.c.springlearn.Country  |                  setCode|Inside Country setCode. Value: DE
260704|19:23:40.165|main                |DEBUG|c.c.springlearn.Country  |                  setName|Inside Country setName. Value: Germany
260704|19:23:40.165|main                |DEBUG|c.c.springlearn.Country  |                   <init>|Inside Country Constructor.
260704|19:23:40.166|main                |DEBUG|c.c.springlearn.Country  |                  setCode|Inside Country setCode. Value: JP
260704|19:23:40.166|main                |DEBUG|c.c.springlearn.Country  |                  setName|Inside Country setName. Value: Japan
260704|19:23:40.168|main                |DEBUG|c.c.springlearn.Country  |                   <init>|Inside Country Constructor.
260704|19:23:40.169|main                |DEBUG|c.c.springlearn.Country  |                  setCode|Inside Country setCode. Value: IN
260704|19:23:40.170|main                |DEBUG|c.c.springlearn.Country  |                  setName|Inside Country setName. Value: India
260704|19:23:40.170|main                | INFO|c.c.s.c.CountryController|          getCountryIndia|END: getCountryIndia()
260704|19:23:40.285|main                |DEBUG|c.c.springlearn.Country  |                  getCode|Inside Country getCode.
260704|19:23:40.287|main                |DEBUG|c.c.springlearn.Country  |                  getName|Inside Country getName.
]]></system-out>
  </testcase>
</testsuite>