<?xml version="1.0" encoding="UTF-8"?>
<testsuite xmlns:xsi="http://www.w3.org/2001/XMLSchema-instance" xsi:noNamespaceSchemaLocation="https://maven.apache.org/surefire/maven-surefire-plugin/xsd/surefire-test-report.xsd" version="3.0.2" name="com.employee.management.EmployeeManagementSystemApplicationTests" time="16.257" tests="1" errors="0" skipped="0" failures="0">
  <properties>
[...]
</properties>
  <testcase name="contextLoads" classname="com.employee.management.EmployeeManagementSystemApplicationTests" time="0.964">
    <system-out><![CDATA[13:59:05.564 [main] INFO org.springframework.test.context.support.AnnotationConfigContextLoaderUtils -- Could not detect default configuration classes for test class [com.employee.management.EmployeeManagementSystemApplicationTests]: EmployeeManagementSystemApplicationTests does not declare any static, non-private, non-final, nested classes annotated with @Configuration.
13:59:05.851 [main] INFO org.springframework.boot.test.context.SpringBootTestContextBootstrapper -- Found @SpringBootConfiguration com.employee.management.EmployeeManagementSystemApplication for test class com.employee.management.EmployeeManagementSystemApplicationTests

  .   ____          _            __ _ _
 /\\ / ___'_ __ _ _(_)_ __  __ _ \ \ \ \
( ( )\___ | '_ | '_| | '_ \/ _` | \ \ \ \
 \\/  ___)| |_)| | | | | || (_| |  ) ) ) )
  '  |____| .__|_| |_|_| |_\__, | / / / /
 =========|_|==============|___/=/_/_/_/

 :: Spring Boot ::                (v3.4.1)

2026-07-04T13:59:06.912+05:30  INFO 14572 --- [           main] EmployeeManagementSystemApplicationTests : Starting EmployeeManagementSystemApplicationTests using Java 24.0.1 with PID 14572 (started by Sai Deepika in C:\Users\Sai Deepika\eclipse-workspace\EmployeeManagementSystem)
2026-07-04T13:59:06.916+05:30  INFO 14572 --- [           main] EmployeeManagementSystemApplicationTests : No active profile set, falling back to 1 default profile: "default"
2026-07-04T13:59:08.893+05:30  INFO 14572 --- [           main] .s.d.r.c.RepositoryConfigurationDelegate : Bootstrapping Spring Data JPA repositories in DEFAULT mode.
2026-07-04T13:59:09.073+05:30  INFO 14572 --- [           main] .s.d.r.c.RepositoryConfigurationDelegate : Finished Spring Data repository scanning in 150 ms. Found 2 JPA repository interfaces.
2026-07-04T13:59:10.536+05:30  INFO 14572 --- [           main] com.zaxxer.hikari.HikariDataSource       : HikariPool-1 - Starting...
2026-07-04T13:59:11.199+05:30  INFO 14572 --- [           main] com.zaxxer.hikari.pool.HikariPool        : HikariPool-1 - Added connection conn0: url=jdbc:h2:mem:testdb user=SA
2026-07-04T13:59:11.203+05:30  INFO 14572 --- [           main] com.zaxxer.hikari.HikariDataSource       : HikariPool-1 - Start completed.
2026-07-04T13:59:11.383+05:30  INFO 14572 --- [           main] o.hibernate.jpa.internal.util.LogHelper  : HHH000204: Processing PersistenceUnitInfo [name: default]
2026-07-04T13:59:11.571+05:30  INFO 14572 --- [           main] org.hibernate.Version                    : HHH000412: Hibernate ORM core version 6.6.4.Final
2026-07-04T13:59:11.672+05:30  INFO 14572 --- [           main] o.h.c.internal.RegionFactoryInitiator    : HHH000026: Second-level cache disabled
2026-07-04T13:59:12.501+05:30  INFO 14572 --- [           main] o.s.o.j.p.SpringPersistenceUnitInfo      : No LoadTimeWeaver setup: ignoring JPA class transformer
2026-07-04T13:59:12.634+05:30  WARN 14572 --- [           main] org.hibernate.orm.deprecation            : HHH90000025: H2Dialect does not need to be specified explicitly using 'hibernate.dialect' (remove the property setting and it will be selected by default)
2026-07-04T13:59:12.673+05:30  INFO 14572 --- [           main] org.hibernate.orm.connections.pooling    : HHH10001005: Database info:
	Database JDBC URL [Connecting through datasource 'HikariDataSource (HikariPool-1)']
	Database driver: undefined/unknown
	Database version: 2.3.232
	Autocommit mode: undefined/unknown
	Isolation level: undefined/unknown
	Minimum pool size: undefined/unknown
	Maximum pool size: undefined/unknown
2026-07-04T13:59:14.946+05:30  INFO 14572 --- [           main] o.h.e.t.j.p.i.JtaPlatformInitiator       : HHH000489: No JTA platform available (set 'hibernate.transaction.jta.platform' to enable JTA platform integration)
Hibernate: 
    drop table if exists departments cascade 
Hibernate: 
    drop table if exists employees cascade 
Hibernate: 
    create table departments (
        created_date timestamp(6),
        id bigint generated by default as identity,
        last_modified_date timestamp(6),
        created_by varchar(255),
        last_modified_by varchar(255),
        name varchar(255) not null unique,
        primary key (id)
    )
Hibernate: 
    create table employees (
        created_date timestamp(6),
        department_id bigint,
        id bigint generated by default as identity,
        last_modified_date timestamp(6),
        created_by varchar(255),
        email varchar(255) not null unique,
        last_modified_by varchar(255),
        name varchar(255) not null,
        primary key (id)
    )
Hibernate: 
    alter table if exists employees 
       add constraint FKgy4qe3dnqrm3ktd76sxp7n4c2 
       foreign key (department_id) 
       references departments
2026-07-04T13:59:15.929+05:30  INFO 14572 --- [           main] j.LocalContainerEntityManagerFactoryBean : Initialized JPA EntityManagerFactory for persistence unit 'default'
2026-07-04T13:59:16.967+05:30  INFO 14572 --- [           main] o.s.d.j.r.query.QueryEnhancerFactory     : Hibernate is in classpath; If applicable, HQL parser will be used.
2026-07-04T13:59:18.435+05:30  WARN 14572 --- [           main] JpaBaseConfiguration$JpaWebConfiguration : spring.jpa.open-in-view is enabled by default. Therefore, database queries may be performed during view rendering. Explicitly configure spring.jpa.open-in-view to disable this warning
2026-07-04T13:59:19.305+05:30  INFO 14572 --- [           main] com.zaxxer.hikari.HikariDataSource       : HikariPool-2 - Starting...
2026-07-04T13:59:19.310+05:30  INFO 14572 --- [           main] com.zaxxer.hikari.pool.HikariPool        : HikariPool-2 - Added connection conn10: url=jdbc:h2:mem:secondarydb user=SA
2026-07-04T13:59:19.311+05:30  INFO 14572 --- [           main] com.zaxxer.hikari.HikariDataSource       : HikariPool-2 - Start completed.
2026-07-04T13:59:19.312+05:30  INFO 14572 --- [           main] o.s.b.a.h2.H2ConsoleAutoConfiguration    : H2 console available at '/h2-console'. Databases available at 'jdbc:h2:mem:testdb', 'jdbc:h2:mem:secondarydb'
2026-07-04T13:59:19.468+05:30  INFO 14572 --- [           main] EmployeeManagementSystemApplicationTests : Started EmployeeManagementSystemApplicationTests in 13.242 seconds (process running for 15.491)

--- RUNNING EMPLOYEE MANAGEMENT SYSTEM DEMO (EXERCISES 1-10) ---
Hibernate: 
    insert 
    into
        departments
        (created_by, created_date, last_modified_by, last_modified_date, name, id) 
    values
        (?, ?, ?, ?, ?, default)
Hibernate: 
    insert 
    into
        departments
        (created_by, created_date, last_modified_by, last_modified_date, name, id) 
    values
        (?, ?, ?, ?, ?, default)
Saved Departments: HR, IT
Hibernate: 
    insert 
    into
        employees
        (created_by, created_date, department_id, email, last_modified_by, last_modified_date, name, id) 
    values
        (?, ?, ?, ?, ?, ?, ?, default)
Hibernate: 
    insert 
    into
        employees
        (created_by, created_date, department_id, email, last_modified_by, last_modified_date, name, id) 
    values
        (?, ?, ?, ?, ?, ?, ?, default)
Hibernate: 
    insert 
    into
        employees
        (created_by, created_date, department_id, email, last_modified_by, last_modified_date, name, id) 
    values
        (?, ?, ?, ?, ?, ?, ?, default)
Saved Employees: Alice, Bob, Charlie

============ Exercise 7: Auditing Verification ============
Employee 'Alice' Audit Info:
  Created By: system_admin
  Created Date: 2026-07-04T13:59:19.805778800
  Last Modified By: system_admin
  Last Modified Date: 2026-07-04T13:59:19.805778800

============ Exercise 5: Custom Query Methods ============
Derived Query: findByNameContaining('Brown'):
Hibernate: 
    select
        e1_0.id,
        e1_0.created_by,
        e1_0.created_date,
        e1_0.department_id,
        e1_0.email,
        e1_0.last_modified_by,
        e1_0.last_modified_date,
        e1_0.name 
    from
        employees e1_0 
    where
        e1_0.name like ? escape '\'
Hibernate: 
    select
        d1_0.id,
        d1_0.created_by,
        d1_0.created_date,
        d1_0.last_modified_by,
        d1_0.last_modified_date,
        d1_0.name 
    from
        departments d1_0 
    where
        d1_0.id=?
Employee [id=3, name=Charlie Brown, email=charlie@company.com]
JPQL Query: findByDepartmentName('Information Technology'):
Hibernate: 
    select
        e1_0.id,
        e1_0.created_by,
        e1_0.created_date,
        e1_0.department_id,
        e1_0.email,
        e1_0.last_modified_by,
        e1_0.last_modified_date,
        e1_0.name 
    from
        employees e1_0 
    join
        departments d1_0 
            on d1_0.id=e1_0.department_id 
    where
        d1_0.name=?
Hibernate: 
    select
        d1_0.id,
        d1_0.created_by,
        d1_0.created_date,
        d1_0.last_modified_by,
        d1_0.last_modified_date,
        d1_0.name 
    from
        departments d1_0 
    where
        d1_0.id=?
Employee [id=1, name=Alice Johnson, email=alice@company.com]
Employee [id=3, name=Charlie Brown, email=charlie@company.com]
Named Query: findByNameNamedQuery('Bob Smith'):
Hibernate: 
    select
        e1_0.id,
        e1_0.created_by,
        e1_0.created_date,
        e1_0.department_id,
        e1_0.email,
        e1_0.last_modified_by,
        e1_0.last_modified_date,
        e1_0.name 
    from
        employees e1_0 
    where
        e1_0.name=?
Hibernate: 
    select
        d1_0.id,
        d1_0.created_by,
        d1_0.created_date,
        d1_0.last_modified_by,
        d1_0.last_modified_date,
        d1_0.name 
    from
        departments d1_0 
    where
        d1_0.id=?
Employee [id=2, name=Bob Smith, email=bob@company.com]
Native Query: findByEmailNative('alice@company.com'):
Hibernate: 
    SELECT
        * 
    FROM
        employees 
    WHERE
        email = ?
Hibernate: 
    select
        d1_0.id,
        d1_0.created_by,
        d1_0.created_date,
        d1_0.last_modified_by,
        d1_0.last_modified_date,
        d1_0.name 
    from
        departments d1_0 
    where
        d1_0.id=?
Employee [id=1, name=Alice Johnson, email=alice@company.com]

============ Exercise 6: Pagination and Sorting ============
Hibernate: 
    select
        e1_0.id,
        e1_0.created_by,
        e1_0.created_date,
        e1_0.department_id,
        e1_0.email,
        e1_0.last_modified_by,
        e1_0.last_modified_date,
        e1_0.name 
    from
        employees e1_0 
    order by
        e1_0.name desc 
    offset
        ? rows 
    fetch
        first ? rows only
Hibernate: 
    select
        d1_0.id,
        d1_0.created_by,
        d1_0.created_date,
        d1_0.last_modified_by,
        d1_0.last_modified_date,
        d1_0.name 
    from
        departments d1_0 
    where
        d1_0.id=?
Hibernate: 
    select
        d1_0.id,
        d1_0.created_by,
        d1_0.created_date,
        d1_0.last_modified_by,
        d1_0.last_modified_date,
        d1_0.name 
    from
        departments d1_0 
    where
        d1_0.id=?
Hibernate: 
    select
        count(e1_0.id) 
    from
        employees e1_0
Page 0 details (size 2, sorted by Name DESC):
  Total Elements: 3
  Total Pages: 2
  Content in current page:
    - Charlie Brown (charlie@company.com)
    - Bob Smith (bob@company.com)

============ Exercise 8: Interface and Class Projections ============
Interface-based Projection (Employees in IT department):
Hibernate: 
    select
        e1_0.id,
        e1_0.created_by,
        e1_0.created_date,
        e1_0.department_id,
        e1_0.email,
        e1_0.last_modified_by,
        e1_0.last_modified_date,
        e1_0.name 
    from
        employees e1_0 
    left join
        departments d1_0 
            on d1_0.id=e1_0.department_id 
    where
        d1_0.id=?
Hibernate: 
    select
        d1_0.id,
        d1_0.created_by,
        d1_0.created_date,
        d1_0.last_modified_by,
        d1_0.last_modified_date,
        d1_0.name 
    from
        departments d1_0 
    where
        d1_0.id=?
  Name: Alice Johnson | Email: alice@company.com
  SpEL Projection (FullNameAndEmail): Alice Johnson (alice@company.com)
  Name: Charlie Brown | Email: charlie@company.com
  SpEL Projection (FullNameAndEmail): Charlie Brown (charlie@company.com)
Class-based Projection (EmployeeDTO for ID 1):
Hibernate: 
    select
        e1_0.name,
        e1_0.email 
    from
        employees e1_0 
    where
        e1_0.id=?
  DTO Name: Alice Johnson | DTO Email: alice@company.com

============ Exercise 10: Hibernate Bulk Batch Processing ============
Triggering batch insert of 30 employees...
Hibernate: 
    select
        d1_0.id,
        d1_0.created_by,
        d1_0.created_date,
        d1_0.last_modified_by,
        d1_0.last_modified_date,
        d1_0.name,
        e1_0.department_id,
        e1_0.id,
        e1_0.created_by,
        e1_0.created_date,
        e1_0.email,
        e1_0.last_modified_by,
        e1_0.last_modified_date,
        e1_0.name 
    from
        departments d1_0 
    left join
        employees e1_0 
            on d1_0.id=e1_0.department_id 
    where
        d1_0.id=?
Hibernate: 
    insert 
    into
        employees
        (created_by, created_date, department_id, email, last_modified_by, last_modified_date, name, id) 
    values
        (?, ?, ?, ?, ?, ?, ?, default)
Hibernate: 
    insert 
    into
        employees
        (created_by, created_date, department_id, email, last_modified_by, last_modified_date, name, id) 
    values
        (?, ?, ?, ?, ?, ?, ?, default)
Hibernate: 
    insert 
    into
        employees
        (created_by, created_date, department_id, email, last_modified_by, last_modified_date, name, id) 
    values
        (?, ?, ?, ?, ?, ?, ?, default)
Hibernate: 
    insert 
    into
        employees
        (created_by, created_date, department_id, email, last_modified_by, last_modified_date, name, id) 
    values
        (?, ?, ?, ?, ?, ?, ?, default)
Hibernate: 
    insert 
    into
        employees
        (created_by, created_date, department_id, email, last_modified_by, last_modified_date, name, id) 
    values
        (?, ?, ?, ?, ?, ?, ?, default)
Hibernate: 
    insert 
    into
        employees
        (created_by, created_date, department_id, email, last_modified_by, last_modified_date, name, id) 
    values
        (?, ?, ?, ?, ?, ?, ?, default)
Hibernate: 
    insert 
    into
        employees
        (created_by, created_date, department_id, email, last_modified_by, last_modified_date, name, id) 
    values
        (?, ?, ?, ?, ?, ?, ?, default)
Hibernate: 
    insert 
    into
        employees
        (created_by, created_date, department_id, email, last_modified_by, last_modified_date, name, id) 
    values
        (?, ?, ?, ?, ?, ?, ?, default)
Hibernate: 
    insert 
    into
        employees
        (created_by, created_date, department_id, email, last_modified_by, last_modified_date, name, id) 
    values
        (?, ?, ?, ?, ?, ?, ?, default)
Hibernate: 
    insert 
    into
        employees
        (created_by, created_date, department_id, email, last_modified_by, last_modified_date, name, id) 
    values
        (?, ?, ?, ?, ?, ?, ?, default)
Hibernate: 
    insert 
    into
        employees
        (created_by, created_date, department_id, email, last_modified_by, last_modified_date, name, id) 
    values
        (?, ?, ?, ?, ?, ?, ?, default)
Hibernate: 
    insert 
    into
        employees
        (created_by, created_date, department_id, email, last_modified_by, last_modified_date, name, id) 
    values
        (?, ?, ?, ?, ?, ?, ?, default)
Hibernate: 
    insert 
    into
        employees
        (created_by, created_date, department_id, email, last_modified_by, last_modified_date, name, id) 
    values
        (?, ?, ?, ?, ?, ?, ?, default)
Hibernate: 
    insert 
    into
        employees
        (created_by, created_date, department_id, email, last_modified_by, last_modified_date, name, id) 
    values
        (?, ?, ?, ?, ?, ?, ?, default)
Hibernate: 
    insert 
    into
        employees
        (created_by, created_date, department_id, email, last_modified_by, last_modified_date, name, id) 
    values
        (?, ?, ?, ?, ?, ?, ?, default)
Hibernate: 
    insert 
    into
        employees
        (created_by, created_date, department_id, email, last_modified_by, last_modified_date, name, id) 
    values
        (?, ?, ?, ?, ?, ?, ?, default)
Hibernate: 
    insert 
    into
        employees
        (created_by, created_date, department_id, email, last_modified_by, last_modified_date, name, id) 
    values
        (?, ?, ?, ?, ?, ?, ?, default)
Hibernate: 
    insert 
    into
        employees
        (created_by, created_date, department_id, email, last_modified_by, last_modified_date, name, id) 
    values
        (?, ?, ?, ?, ?, ?, ?, default)
Hibernate: 
    insert 
    into
        employees
        (created_by, created_date, department_id, email, last_modified_by, last_modified_date, name, id) 
    values
        (?, ?, ?, ?, ?, ?, ?, default)
Hibernate: 
    insert 
    into
        employees
        (created_by, created_date, department_id, email, last_modified_by, last_modified_date, name, id) 
    values
        (?, ?, ?, ?, ?, ?, ?, default)
Hibernate: 
    insert 
    into
        employees
        (created_by, created_date, department_id, email, last_modified_by, last_modified_date, name, id) 
    values
        (?, ?, ?, ?, ?, ?, ?, default)
Hibernate: 
    update
        departments 
    set
        last_modified_by=?,
        last_modified_date=?,
        name=? 
    where
        id=?
Hibernate: 
    select
        d1_0.id,
        d1_0.created_by,
        d1_0.created_date,
        d1_0.last_modified_by,
        d1_0.last_modified_date,
        d1_0.name,
        e1_0.department_id,
        e1_0.id,
        e1_0.created_by,
        e1_0.created_date,
        e1_0.email,
        e1_0.last_modified_by,
        e1_0.last_modified_date,
        e1_0.name 
    from
        departments d1_0 
    left join
        employees e1_0 
            on d1_0.id=e1_0.department_id 
    where
        d1_0.id=?
Hibernate: 
    insert 
    into
        employees
        (created_by, created_date, department_id, email, last_modified_by, last_modified_date, name, id) 
    values
        (?, ?, ?, ?, ?, ?, ?, default)
Hibernate: 
    insert 
    into
        employees
        (created_by, created_date, department_id, email, last_modified_by, last_modified_date, name, id) 
    values
        (?, ?, ?, ?, ?, ?, ?, default)
Hibernate: 
    insert 
    into
        employees
        (created_by, created_date, department_id, email, last_modified_by, last_modified_date, name, id) 
    values
        (?, ?, ?, ?, ?, ?, ?, default)
Hibernate: 
    insert 
    into
        employees
        (created_by, created_date, department_id, email, last_modified_by, last_modified_date, name, id) 
    values
        (?, ?, ?, ?, ?, ?, ?, default)
Hibernate: 
    insert 
    into
        employees
        (created_by, created_date, department_id, email, last_modified_by, last_modified_date, name, id) 
    values
        (?, ?, ?, ?, ?, ?, ?, default)
Hibernate: 
    insert 
    into
        employees
        (created_by, created_date, department_id, email, last_modified_by, last_modified_date, name, id) 
    values
        (?, ?, ?, ?, ?, ?, ?, default)
Hibernate: 
    insert 
    into
        employees
        (created_by, created_date, department_id, email, last_modified_by, last_modified_date, name, id) 
    values
        (?, ?, ?, ?, ?, ?, ?, default)
Hibernate: 
    insert 
    into
        employees
        (created_by, created_date, department_id, email, last_modified_by, last_modified_date, name, id) 
    values
        (?, ?, ?, ?, ?, ?, ?, default)
Hibernate: 
    insert 
    into
        employees
        (created_by, created_date, department_id, email, last_modified_by, last_modified_date, name, id) 
    values
        (?, ?, ?, ?, ?, ?, ?, default)
Hibernate: 
    update
        departments 
    set
        last_modified_by=?,
        last_modified_date=?,
        name=? 
    where
        id=?
Hibernate: 
    select
        e1_0.id,
        e1_0.created_by,
        e1_0.created_date,
        e1_0.department_id,
        e1_0.email,
        e1_0.last_modified_by,
        e1_0.last_modified_date,
        e1_0.name 
    from
        employees e1_0
Hibernate: 
    select
        d1_0.id,
        d1_0.created_by,
        d1_0.created_date,
        d1_0.last_modified_by,
        d1_0.last_modified_date,
        d1_0.name 
    from
        departments d1_0 
    where
        d1_0.id=?
Hibernate: 
    select
        d1_0.id,
        d1_0.created_by,
        d1_0.created_date,
        d1_0.last_modified_by,
        d1_0.last_modified_date,
        d1_0.name 
    from
        departments d1_0 
    where
        d1_0.id=?
Batch insert finished. Total employees in database: 33

--- DEMO RUN COMPLETED SUCCESSFULLY ---
]]></system-out>
    <system-err><![CDATA[Mockito is currently self-attaching to enable the inline-mock-maker. This will no longer work in future releases of the JDK. Please add Mockito as an agent to your build what is described in Mockito's documentation: https://javadoc.io/doc/org.mockito/mockito-core/latest/org/mockito/Mockito.html#0.3
WARNING: A Java agent has been loaded dynamically (C:\Users\Sai Deepika\.m2\repository\net\bytebuddy\byte-buddy-agent\1.15.11\byte-buddy-agent-1.15.11.jar)
WARNING: If a serviceability tool is in use, please run with -XX:+EnableDynamicAgentLoading to hide this warning
WARNING: If a serviceability tool is not in use, please run with -Djdk.instrument.traceUsage for more information
WARNING: Dynamic loading of agents will be disallowed by default in a future release
]]></system-err>
  </testcase>
</testsuite>