<?xml version="1.0" encoding="UTF-8"?>
<testsuite xmlns:xsi="http://www.w3.org/2001/XMLSchema-instance" xsi:noNamespaceSchemaLocation="https://maven.apache.org/surefire/maven-surefire-plugin/xsd/surefire-test-report.xsd" version="3.0.2" name="com.cognizant.springlearn.SpringLearnApplicationTests" time="8.298" tests="9" errors="0" skipped="0" failures="0">
  <properties>
[...]
</properties>
  <testcase name="testAuthenticateSuccess" classname="com.cognizant.springlearn.SpringLearnApplicationTests" time="1.712">
    <system-out><![CDATA[19:39:31.381 [main] INFO org.springframework.test.context.support.AnnotationConfigContextLoaderUtils -- Could not detect default configuration classes for test class [com.cognizant.springlearn.SpringLearnApplicationTests]: SpringLearnApplicationTests does not declare any static, non-private, non-final, nested classes annotated with @Configuration.
19:39:31.673 [main] INFO org.springframework.boot.test.context.SpringBootTestContextBootstrapper -- Found @SpringBootConfiguration com.cognizant.springlearn.SpringLearnApplication for test class com.cognizant.springlearn.SpringLearnApplicationTests
19:39:32.045 [main] INFO org.springframework.boot.devtools.restart.RestartApplicationListener -- Restart disabled due to context in which it is running

  .   ____          _            __ _ _
 /\\ / ___'_ __ _ _(_)_ __  __ _ \ \ \ \
( ( )\___ | '_ | '_| | '_ \/ _` | \ \ \ \
 \\/  ___)| |_)| | | | | || (_| |  ) ) ) )
  '  |____| .__|_| |_|_| |_\__, | / / / /
 =========|_|==============|___/=/_/_/_/

 :: Spring Boot ::                (v3.4.1)

260704|19:39:32.760|main                | INFO|ringLearnApplicationTests|              logStarting|Starting SpringLearnApplicationTests using Java 24.0.1 with PID 20328 (started by Sai Deepika in C:\Users\Sai Deepika\eclipse-workspace\spring-learn-security)
260704|19:39:32.766|main                |DEBUG|ringLearnApplicationTests|              logStarting|Running with Spring Boot v3.4.1, Spring v6.2.1
260704|19:39:32.769|main                | INFO|ringLearnApplicationTests|    logStartupProfileInfo|No active profile set, falling back to 1 default profile: "default"
260704|19:39:34.576|main                |DEBUG|c.c.s.c.CountryController|                   <init>|Inside CountryController Constructor.
260704|19:39:34.732|main                | INFO|c.c.s.s.SecurityConfig   |          passwordEncoder|Start passwordEncoder()
260704|19:39:34.736|main                | INFO|c.c.s.s.SecurityConfig   |       userDetailsService|START: userDetailsService()
260704|19:39:35.086|main                | INFO|c.c.s.s.SecurityConfig   |       userDetailsService|END: userDetailsService()
260704|19:39:35.102|main                | INFO|rDetailsManagerConfigurer|                configure|Global AuthenticationManager configured with UserDetailsService bean with name userDetailsService
260704|19:39:35.485|main                | INFO|c.c.s.s.SecurityConfig   |      securityFilterChain|START: securityFilterChain()
260704|19:39:35.525|main                | INFO|.s.JwtAuthorizationFilter|                   <init>|Start
260704|19:39:35.525|main                |DEBUG|.s.JwtAuthorizationFilter|                   <init>|org.springframework.security.authentication.ProviderManager@57cb70be: 
260704|19:39:35.529|main                | INFO|c.c.s.s.SecurityConfig   |      securityFilterChain|END: securityFilterChain()
260704|19:39:36.127|main                | INFO|ingBootMockServletContext|                      log|Initializing Spring TestDispatcherServlet ''
260704|19:39:36.127|main                | INFO|w.s.TestDispatcherServlet|          initServletBean|Initializing Servlet ''
260704|19:39:36.128|main                | INFO|w.s.TestDispatcherServlet|          initServletBean|Completed initialization in 1 ms
260704|19:39:36.174|main                | INFO|ringLearnApplicationTests|               logStarted|Started SpringLearnApplicationTests in 4.157 seconds (process running for 6.441)
260704|19:39:37.551|main                | INFO|.s.JwtAuthorizationFilter|         doFilterInternal|Start doFilterInternal
260704|19:39:37.552|main                |DEBUG|.s.JwtAuthorizationFilter|         doFilterInternal|Authorization Header: Basic dXNlcjpwd2Q=
260704|19:39:37.727|main                | INFO|.AuthenticationController|             authenticate|START: authenticate()
260704|19:39:37.727|main                |DEBUG|.AuthenticationController|             authenticate|Authorization Header: Basic dXNlcjpwd2Q=
260704|19:39:37.727|main                | INFO|.AuthenticationController|                  getUser|START: getUser()
260704|19:39:37.728|main                |DEBUG|.AuthenticationController|                  getUser|Header: Basic dXNlcjpwd2Q=
260704|19:39:37.728|main                |DEBUG|.AuthenticationController|                  getUser|Extracted User: user
260704|19:39:37.728|main                | INFO|.AuthenticationController|                  getUser|END: getUser()
260704|19:39:37.728|main                |DEBUG|.AuthenticationController|             authenticate|Decoded User: user
260704|19:39:37.729|main                | INFO|.AuthenticationController|              generateJwt|START: generateJwt()
260704|19:39:37.729|main                |DEBUG|.AuthenticationController|              generateJwt|User: user
260704|19:39:37.804|main                |DEBUG|.AuthenticationController|              generateJwt|Token Compacted: eyJhbGciOiJIUzI1NiJ9.eyJzdWIiOiJ1c2VyIiwiaWF0IjoxNzgzMTc0MTc3LCJleHAiOjE3ODMxNzUzNzd9.XsD86Cph-2EBGaX9PjK_XUUv8PvQ6b0ARocsZ-5HG4I
260704|19:39:37.804|main                | INFO|.AuthenticationController|              generateJwt|END: generateJwt()
260704|19:39:37.805|main                |DEBUG|.AuthenticationController|             authenticate|Generated JWT: eyJhbGciOiJIUzI1NiJ9.eyJzdWIiOiJ1c2VyIiwiaWF0IjoxNzgzMTc0MTc3LCJleHAiOjE3ODMxNzUzNzd9.XsD86Cph-2EBGaX9PjK_XUUv8PvQ6b0ARocsZ-5HG4I
260704|19:39:37.805|main                | INFO|.AuthenticationController|             authenticate|END: authenticate()
]]></system-out>
    <system-err><![CDATA[Mockito is currently self-attaching to enable the inline-mock-maker. This will no longer work in future releases of the JDK. Please add Mockito as an agent to your build what is described in Mockito's documentation: https://javadoc.io/doc/org.mockito/mockito-core/latest/org/mockito/Mockito.html#0.3
WARNING: A Java agent has been loaded dynamically (C:\Users\Sai Deepika\.m2\repository\net\bytebuddy\byte-buddy-agent\1.15.11\byte-buddy-agent-1.15.11.jar)
WARNING: If a serviceability tool is in use, please run with -XX:+EnableDynamicAgentLoading to hide this warning
WARNING: If a serviceability tool is not in use, please run with -Djdk.instrument.traceUsage for more information
WARNING: Dynamic loading of agents will be disallowed by default in a future release
]]></system-err>
  </testcase>
  <testcase name="testGetCountriesUnauthenticated" classname="com.cognizant.springlearn.SpringLearnApplicationTests" time="0.016">
    <system-out><![CDATA[260704|19:39:37.923|main                | INFO|.s.JwtAuthorizationFilter|         doFilterInternal|Start doFilterInternal
260704|19:39:37.924|main                |DEBUG|.s.JwtAuthorizationFilter|         doFilterInternal|Authorization Header: null
]]></system-out>
  </testcase>
  <testcase name="testAuthenticateFailure" classname="com.cognizant.springlearn.SpringLearnApplicationTests" time="0.078">
    <system-out><![CDATA[260704|19:39:37.941|main                | INFO|.s.JwtAuthorizationFilter|         doFilterInternal|Start doFilterInternal
260704|19:39:37.942|main                |DEBUG|.s.JwtAuthorizationFilter|         doFilterInternal|Authorization Header: Basic dXNlcjp3cm9uZ3B3ZA==
]]></system-out>
  </testcase>
  <testcase name="testGetCountriesWithJwtSuccess" classname="com.cognizant.springlearn.SpringLearnApplicationTests" time="0.507">
    <system-out><![CDATA[260704|19:39:38.021|main                | INFO|.s.JwtAuthorizationFilter|         doFilterInternal|Start doFilterInternal
260704|19:39:38.021|main                |DEBUG|.s.JwtAuthorizationFilter|         doFilterInternal|Authorization Header: Basic dXNlcjpwd2Q=
260704|19:39:38.134|main                | INFO|.AuthenticationController|             authenticate|START: authenticate()
260704|19:39:38.134|main                |DEBUG|.AuthenticationController|             authenticate|Authorization Header: Basic dXNlcjpwd2Q=
260704|19:39:38.135|main                | INFO|.AuthenticationController|                  getUser|START: getUser()
260704|19:39:38.135|main                |DEBUG|.AuthenticationController|                  getUser|Header: Basic dXNlcjpwd2Q=
260704|19:39:38.137|main                |DEBUG|.AuthenticationController|                  getUser|Extracted User: user
260704|19:39:38.138|main                | INFO|.AuthenticationController|                  getUser|END: getUser()
260704|19:39:38.138|main                |DEBUG|.AuthenticationController|             authenticate|Decoded User: user
260704|19:39:38.139|main                | INFO|.AuthenticationController|              generateJwt|START: generateJwt()
260704|19:39:38.139|main                |DEBUG|.AuthenticationController|              generateJwt|User: user
260704|19:39:38.140|main                |DEBUG|.AuthenticationController|              generateJwt|Token Compacted: eyJhbGciOiJIUzI1NiJ9.eyJzdWIiOiJ1c2VyIiwiaWF0IjoxNzgzMTc0MTc4LCJleHAiOjE3ODMxNzUzNzh9.pu9z_YTcR_lYwkVb965Bssw9jhyi2OMf_7gw9AFPhv0
260704|19:39:38.141|main                | INFO|.AuthenticationController|              generateJwt|END: generateJwt()
260704|19:39:38.141|main                |DEBUG|.AuthenticationController|             authenticate|Generated JWT: eyJhbGciOiJIUzI1NiJ9.eyJzdWIiOiJ1c2VyIiwiaWF0IjoxNzgzMTc0MTc4LCJleHAiOjE3ODMxNzUzNzh9.pu9z_YTcR_lYwkVb965Bssw9jhyi2OMf_7gw9AFPhv0
260704|19:39:38.142|main                | INFO|.AuthenticationController|             authenticate|END: authenticate()
260704|19:39:38.221|main                | INFO|.s.JwtAuthorizationFilter|         doFilterInternal|Start doFilterInternal
260704|19:39:38.223|main                |DEBUG|.s.JwtAuthorizationFilter|         doFilterInternal|Authorization Header: Bearer eyJhbGciOiJIUzI1NiJ9.eyJzdWIiOiJ1c2VyIiwiaWF0IjoxNzgzMTc0MTc4LCJleHAiOjE3ODMxNzUzNzh9.pu9z_YTcR_lYwkVb965Bssw9jhyi2OMf_7gw9AFPhv0
260704|19:39:38.268|main                |DEBUG|.s.JwtAuthorizationFilter|        getAuthentication|User from token: user
260704|19:39:38.271|main                | INFO|c.c.s.c.CountryController|          getAllCountries|START: getAllCountries()
260704|19:39:38.472|main                |DEBUG|c.c.springlearn.Country  |                   <init>|Inside Country Constructor.
260704|19:39:38.474|main                |DEBUG|c.c.springlearn.Country  |                  setCode|Inside Country setCode. Value: IN
260704|19:39:38.476|main                |DEBUG|c.c.springlearn.Country  |                  setName|Inside Country setName. Value: India
260704|19:39:38.477|main                |DEBUG|c.c.springlearn.Country  |                   <init>|Inside Country Constructor.
260704|19:39:38.478|main                |DEBUG|c.c.springlearn.Country  |                  setCode|Inside Country setCode. Value: US
260704|19:39:38.478|main                |DEBUG|c.c.springlearn.Country  |                  setName|Inside Country setName. Value: United States
260704|19:39:38.478|main                |DEBUG|c.c.springlearn.Country  |                   <init>|Inside Country Constructor.
260704|19:39:38.479|main                |DEBUG|c.c.springlearn.Country  |                  setCode|Inside Country setCode. Value: DE
260704|19:39:38.480|main                |DEBUG|c.c.springlearn.Country  |                  setName|Inside Country setName. Value: Germany
260704|19:39:38.481|main                |DEBUG|c.c.springlearn.Country  |                   <init>|Inside Country Constructor.
260704|19:39:38.481|main                |DEBUG|c.c.springlearn.Country  |                  setCode|Inside Country setCode. Value: JP
260704|19:39:38.482|main                |DEBUG|c.c.springlearn.Country  |                  setName|Inside Country setName. Value: Japan
260704|19:39:38.487|main                | INFO|c.c.s.c.CountryController|          getAllCountries|END: getAllCountries()
260704|19:39:38.510|main                |DEBUG|c.c.springlearn.Country  |                  getCode|Inside Country getCode.
260704|19:39:38.511|main                |DEBUG|c.c.springlearn.Country  |                  getName|Inside Country getName.
260704|19:39:38.512|main                |DEBUG|c.c.springlearn.Country  |                  getCode|Inside Country getCode.
260704|19:39:38.512|main                |DEBUG|c.c.springlearn.Country  |                  getName|Inside Country getName.
260704|19:39:38.513|main                |DEBUG|c.c.springlearn.Country  |                  getCode|Inside Country getCode.
260704|19:39:38.513|main                |DEBUG|c.c.springlearn.Country  |                  getName|Inside Country getName.
260704|19:39:38.513|main                |DEBUG|c.c.springlearn.Country  |                  getCode|Inside Country getCode.
260704|19:39:38.514|main                |DEBUG|c.c.springlearn.Country  |                  getName|Inside Country getName.
260704|19:39:38.515|main                | INFO|.s.JwtAuthorizationFilter|         doFilterInternal|End doFilterInternal
]]></system-out>
  </testcase>
  <testcase name="testGetCountryException" classname="com.cognizant.springlearn.SpringLearnApplicationTests" time="0.224">
    <system-out><![CDATA[260704|19:39:38.531|main                | INFO|.s.JwtAuthorizationFilter|         doFilterInternal|Start doFilterInternal
260704|19:39:38.531|main                |DEBUG|.s.JwtAuthorizationFilter|         doFilterInternal|Authorization Header: Basic dXNlcjpwd2Q=
260704|19:39:38.671|main                | INFO|c.c.s.c.CountryController|               getCountry|START: getCountry() - Code: az
260704|19:39:38.717|main                |DEBUG|c.c.springlearn.Country  |                   <init>|Inside Country Constructor.
260704|19:39:38.719|main                |DEBUG|c.c.springlearn.Country  |                  setCode|Inside Country setCode. Value: IN
260704|19:39:38.719|main                |DEBUG|c.c.springlearn.Country  |                  setName|Inside Country setName. Value: India
260704|19:39:38.720|main                |DEBUG|c.c.springlearn.Country  |                   <init>|Inside Country Constructor.
260704|19:39:38.721|main                |DEBUG|c.c.springlearn.Country  |                  setCode|Inside Country setCode. Value: US
260704|19:39:38.722|main                |DEBUG|c.c.springlearn.Country  |                  setName|Inside Country setName. Value: United States
260704|19:39:38.722|main                |DEBUG|c.c.springlearn.Country  |                   <init>|Inside Country Constructor.
260704|19:39:38.723|main                |DEBUG|c.c.springlearn.Country  |                  setCode|Inside Country setCode. Value: DE
260704|19:39:38.724|main                |DEBUG|c.c.springlearn.Country  |                  setName|Inside Country setName. Value: Germany
260704|19:39:38.724|main                |DEBUG|c.c.springlearn.Country  |                   <init>|Inside Country Constructor.
260704|19:39:38.725|main                |DEBUG|c.c.springlearn.Country  |                  setCode|Inside Country setCode. Value: JP
260704|19:39:38.726|main                |DEBUG|c.c.springlearn.Country  |                  setName|Inside Country setName. Value: Japan
260704|19:39:38.728|main                |DEBUG|c.c.springlearn.Country  |                  getCode|Inside Country getCode.
260704|19:39:38.729|main                |DEBUG|c.c.springlearn.Country  |                  getCode|Inside Country getCode.
260704|19:39:38.730|main                |DEBUG|c.c.springlearn.Country  |                  getCode|Inside Country getCode.
260704|19:39:38.730|main                |DEBUG|c.c.springlearn.Country  |                  getCode|Inside Country getCode.
]]></system-out>
  </testcase>
  <testcase name="contextLoads" classname="com.cognizant.springlearn.SpringLearnApplicationTests" time="0.009"/>
  <testcase name="testGetCountry" classname="com.cognizant.springlearn.SpringLearnApplicationTests" time="0.225">
    <system-out><![CDATA[260704|19:39:38.768|main                | INFO|.s.JwtAuthorizationFilter|         doFilterInternal|Start doFilterInternal
260704|19:39:38.769|main                |DEBUG|.s.JwtAuthorizationFilter|         doFilterInternal|Authorization Header: Basic dXNlcjpwd2Q=
260704|19:39:38.906|main                | INFO|c.c.s.c.CountryController|          getCountryIndia|START: getCountryIndia()
260704|19:39:38.953|main                |DEBUG|c.c.springlearn.Country  |                   <init>|Inside Country Constructor.
260704|19:39:38.956|main                |DEBUG|c.c.springlearn.Country  |                  setCode|Inside Country setCode. Value: IN
260704|19:39:38.958|main                |DEBUG|c.c.springlearn.Country  |                  setName|Inside Country setName. Value: India
260704|19:39:38.960|main                |DEBUG|c.c.springlearn.Country  |                   <init>|Inside Country Constructor.
260704|19:39:38.961|main                |DEBUG|c.c.springlearn.Country  |                  setCode|Inside Country setCode. Value: US
260704|19:39:38.962|main                |DEBUG|c.c.springlearn.Country  |                  setName|Inside Country setName. Value: United States
260704|19:39:38.964|main                |DEBUG|c.c.springlearn.Country  |                   <init>|Inside Country Constructor.
260704|19:39:38.965|main                |DEBUG|c.c.springlearn.Country  |                  setCode|Inside Country setCode. Value: DE
260704|19:39:38.967|main                |DEBUG|c.c.springlearn.Country  |                  setName|Inside Country setName. Value: Germany
260704|19:39:38.968|main                |DEBUG|c.c.springlearn.Country  |                   <init>|Inside Country Constructor.
260704|19:39:38.969|main                |DEBUG|c.c.springlearn.Country  |                  setCode|Inside Country setCode. Value: JP
260704|19:39:38.971|main                |DEBUG|c.c.springlearn.Country  |                  setName|Inside Country setName. Value: Japan
260704|19:39:38.973|main                |DEBUG|c.c.springlearn.Country  |                   <init>|Inside Country Constructor.
260704|19:39:38.975|main                |DEBUG|c.c.springlearn.Country  |                  setCode|Inside Country setCode. Value: IN
260704|19:39:38.975|main                |DEBUG|c.c.springlearn.Country  |                  setName|Inside Country setName. Value: India
260704|19:39:38.977|main                | INFO|c.c.s.c.CountryController|          getCountryIndia|END: getCountryIndia()
260704|19:39:38.982|main                |DEBUG|c.c.springlearn.Country  |                  getCode|Inside Country getCode.
260704|19:39:38.982|main                |DEBUG|c.c.springlearn.Country  |                  getName|Inside Country getName.
]]></system-out>
  </testcase>
  <testcase name="testGetCountriesWithUserRoleSuccess" classname="com.cognizant.springlearn.SpringLearnApplicationTests" time="0.207">
    <system-out><![CDATA[260704|19:39:39.005|main                | INFO|.s.JwtAuthorizationFilter|         doFilterInternal|Start doFilterInternal
260704|19:39:39.006|main                |DEBUG|.s.JwtAuthorizationFilter|         doFilterInternal|Authorization Header: Basic dXNlcjpwd2Q=
260704|19:39:39.146|main                | INFO|c.c.s.c.CountryController|          getAllCountries|START: getAllCountries()
260704|19:39:39.180|main                |DEBUG|c.c.springlearn.Country  |                   <init>|Inside Country Constructor.
260704|19:39:39.181|main                |DEBUG|c.c.springlearn.Country  |                  setCode|Inside Country setCode. Value: IN
260704|19:39:39.182|main                |DEBUG|c.c.springlearn.Country  |                  setName|Inside Country setName. Value: India
260704|19:39:39.183|main                |DEBUG|c.c.springlearn.Country  |                   <init>|Inside Country Constructor.
260704|19:39:39.184|main                |DEBUG|c.c.springlearn.Country  |                  setCode|Inside Country setCode. Value: US
260704|19:39:39.184|main                |DEBUG|c.c.springlearn.Country  |                  setName|Inside Country setName. Value: United States
260704|19:39:39.186|main                |DEBUG|c.c.springlearn.Country  |                   <init>|Inside Country Constructor.
260704|19:39:39.186|main                |DEBUG|c.c.springlearn.Country  |                  setCode|Inside Country setCode. Value: DE
260704|19:39:39.187|main                |DEBUG|c.c.springlearn.Country  |                  setName|Inside Country setName. Value: Germany
260704|19:39:39.188|main                |DEBUG|c.c.springlearn.Country  |                   <init>|Inside Country Constructor.
260704|19:39:39.189|main                |DEBUG|c.c.springlearn.Country  |                  setCode|Inside Country setCode. Value: JP
260704|19:39:39.190|main                |DEBUG|c.c.springlearn.Country  |                  setName|Inside Country setName. Value: Japan
260704|19:39:39.192|main                | INFO|c.c.s.c.CountryController|          getAllCountries|END: getAllCountries()
260704|19:39:39.194|main                |DEBUG|c.c.springlearn.Country  |                  getCode|Inside Country getCode.
260704|19:39:39.194|main                |DEBUG|c.c.springlearn.Country  |                  getName|Inside Country getName.
260704|19:39:39.195|main                |DEBUG|c.c.springlearn.Country  |                  getCode|Inside Country getCode.
260704|19:39:39.195|main                |DEBUG|c.c.springlearn.Country  |                  getName|Inside Country getName.
260704|19:39:39.196|main                |DEBUG|c.c.springlearn.Country  |                  getCode|Inside Country getCode.
260704|19:39:39.197|main                |DEBUG|c.c.springlearn.Country  |                  getName|Inside Country getName.
260704|19:39:39.198|main                |DEBUG|c.c.springlearn.Country  |                  getCode|Inside Country getCode.
260704|19:39:39.198|main                |DEBUG|c.c.springlearn.Country  |                  getName|Inside Country getName.
]]></system-out>
  </testcase>
  <testcase name="testGetCountriesWithAdminRoleForbidden" classname="com.cognizant.springlearn.SpringLearnApplicationTests" time="0.147">
    <system-out><![CDATA[260704|19:39:39.211|main                | INFO|.s.JwtAuthorizationFilter|         doFilterInternal|Start doFilterInternal
260704|19:39:39.212|main                |DEBUG|.s.JwtAuthorizationFilter|         doFilterInternal|Authorization Header: Basic YWRtaW46cHdk
]]></system-out>
  </testcase>
</testsuite>